Determining if the pthread_create exist failed with the following output:
Change Dir: /home/flamefire/beerbot_ws/build/CMakeFiles/CMakeTmp

Run Build Command:"/usr/bin/make" "cmTC_b5e95/fast"
/usr/bin/make -f CMakeFiles/cmTC_b5e95.dir/build.make CMakeFiles/cmTC_b5e95.dir/build
make[1]: Entering directory '/home/flamefire/beerbot_ws/build/CMakeFiles/CMakeTmp'
Building C object CMakeFiles/cmTC_b5e95.dir/CheckSymbolExists.c.o
/usr/bin/cc    -o CMakeFiles/cmTC_b5e95.dir/CheckSymbolExists.c.o   -c /home/flamefire/beerbot_ws/build/CMakeFiles/CMakeTmp/CheckSymbolExists.c
Linking C executable cmTC_b5e95
/usr/bin/cmake -E cmake_link_script CMakeFiles/cmTC_b5e95.dir/link.txt --verbose=1
/usr/bin/cc      -rdynamic CMakeFiles/cmTC_b5e95.dir/CheckSymbolExists.c.o  -o cmTC_b5e95 
CMakeFiles/cmTC_b5e95.dir/CheckSymbolExists.c.o: I funktionen "main":
CheckSymbolExists.c:(.text+0x1b): udefineret reference til "pthread_create"
collect2: error: ld returned 1 exit status
CMakeFiles/cmTC_b5e95.dir/build.make:97: recipe for target 'cmTC_b5e95' failed
make[1]: *** [cmTC_b5e95] Error 1
make[1]: Leaving directory '/home/flamefire/beerbot_ws/build/CMakeFiles/CMakeTmp'
Makefile:126: recipe for target 'cmTC_b5e95/fast' failed
make: *** [cmTC_b5e95/fast] Error 2

File /home/flamefire/beerbot_ws/build/CMakeFiles/CMakeTmp/CheckSymbolExists.c:
/* */
#include <pthread.h>

int main(int argc, char** argv)
{
  (void)argv;
#ifndef pthread_create
  return ((int*)(&pthread_create))[argc];
#else
  (void)argc;
  return 0;
#endif
}

Determining if the function pthread_create exists in the pthreads failed with the following output:
Change Dir: /home/flamefire/beerbot_ws/build/CMakeFiles/CMakeTmp

Run Build Command:"/usr/bin/make" "cmTC_cdfda/fast"
/usr/bin/make -f CMakeFiles/cmTC_cdfda.dir/build.make CMakeFiles/cmTC_cdfda.dir/build
make[1]: Entering directory '/home/flamefire/beerbot_ws/build/CMakeFiles/CMakeTmp'
Building C object CMakeFiles/cmTC_cdfda.dir/CheckFunctionExists.c.o
/usr/bin/cc   -DCHECK_FUNCTION_EXISTS=pthread_create   -o CMakeFiles/cmTC_cdfda.dir/CheckFunctionExists.c.o   -c /usr/share/cmake-3.10/Modules/CheckFunctionExists.c
Linking C executable cmTC_cdfda
/usr/bin/cmake -E cmake_link_script CMakeFiles/cmTC_cdfda.dir/link.txt --verbose=1
/usr/bin/cc  -DCHECK_FUNCTION_EXISTS=pthread_create    -rdynamic CMakeFiles/cmTC_cdfda.dir/CheckFunctionExists.c.o  -o cmTC_cdfda -lpthreads 
/usr/bin/ld: kan ikke finde -lpthreads
collect2: error: ld returned 1 exit status
CMakeFiles/cmTC_cdfda.dir/build.make:97: recipe for target 'cmTC_cdfda' failed
make[1]: *** [cmTC_cdfda] Error 1
make[1]: Leaving directory '/home/flamefire/beerbot_ws/build/CMakeFiles/CMakeTmp'
Makefile:126: recipe for target 'cmTC_cdfda/fast' failed
make: *** [cmTC_cdfda/fast] Error 2


